\BOOKMARK [1][-]{section.1}{\376\377\0001\0006\000\040\000d\000e\000\040\000a\000g\000o\000s\000t\000o\000\040\0002\0000\0002\0003}{}% 1
\BOOKMARK [2][-]{subsection.1.1}{\376\377\000M\000e\000d\000i\000d\000a\000s\000\040\000d\000e\000\040\000T\000e\000n\000d\000e\000n\000c\000i\000a\000\040\000C\000e\000n\000t\000r\000a\000l}{section.1}% 2
\BOOKMARK [3][-]{subsubsection.1.1.1}{\376\377\000M\000e\000d\000i\000a}{subsection.1.1}% 3
\BOOKMARK [3][-]{subsubsection.1.1.2}{\376\377\000M\000e\000d\000i\000a\000n\000a}{subsection.1.1}% 4
\BOOKMARK [3][-]{subsubsection.1.1.3}{\376\377\000M\000o\000d\000a}{subsection.1.1}% 5
\BOOKMARK [2][-]{subsection.1.2}{\376\377\000M\000e\000d\000i\000a\000\040\000p\000a\000r\000a\000\040\000u\000n\000a\000\040\000s\000e\000r\000i\000e\000\040\000d\000e\000\040\000f\000r\000e\000c\000u\000e\000n\000c\000i\000a\000s}{section.1}% 6
\BOOKMARK [2][-]{subsection.1.3}{\376\377\000M\000e\000d\000i\000a\000\040\000p\000a\000r\000a\000\040\000d\000a\000t\000o\000s\000\040\000a\000g\000r\000u\000p\000a\000d\000o\000s}{section.1}% 7
\BOOKMARK [1][-]{section.2}{\376\377\0001\0008\000\040\000A\000g\000o\000s\000t\000o\000\040\0002\0000\0002\0003}{}% 8
\BOOKMARK [2][-]{subsection.2.1}{\376\377\000B\000r\000e\000v\000e\000\040\000i\000n\000t\000r\000o\000d\000u\000c\000c\000i\000o\000n\000\040\000a\000\040\000l\000a\000t\000e\000x}{section.2}% 9
\BOOKMARK [3][-]{subsubsection.2.1.1}{\376\377\000P\000r\000i\000n\000c\000i\000p\000a\000l\000e\000s\000\040\000c\000l\000a\000s\000e\000s\000\040\000d\000e\000\040\000d\000o\000c\000u\000m\000e\000n\000t\000o\000s}{subsection.2.1}% 10
\BOOKMARK [3][-]{subsubsection.2.1.2}{\376\377\000P\000a\000q\000u\000e\000t\000e\000s}{subsection.2.1}% 11
\BOOKMARK [3][-]{subsubsection.2.1.3}{\376\377\000E\000s\000t\000r\000u\000c\000t\000u\000r\000a\000\040\000d\000e\000\040\000u\000n\000\040\000d\000o\000c\000u\000m\000e\000n\000t\000o}{subsection.2.1}% 12
\BOOKMARK [3][-]{subsubsection.2.1.4}{\376\377\000L\000a\000T\000e\000x\000\040\000e\000n\000\040\000l\000i\000n\000e\000a}{subsection.2.1}% 13
\BOOKMARK [3][-]{subsubsection.2.1.5}{\376\377\000P\000a\000r\000t\000e\000s\000\040\000d\000e\000\040\000u\000n\000\040\000d\000o\000c\000u\000m\000e\000n\000t\000o}{subsection.2.1}% 14
\BOOKMARK [3][-]{subsubsection.2.1.6}{\376\377\000T\000a\000m\000a\000\361\000o\000s\000\040\000d\000e\000\040\000f\000u\000e\000n\000t\000e}{subsection.2.1}% 15
\BOOKMARK [3][-]{subsubsection.2.1.7}{\376\377\000L\000i\000s\000t\000a\000s\000\040\000n\000u\000m\000e\000r\000a\000d\000a\000s\000\040\000y\000\040\000v\000i\000\361\000e\000t\000a\000s}{subsection.2.1}% 16
\BOOKMARK [3][-]{subsubsection.2.1.8}{\376\377\000A\000l\000i\000n\000e\000a\000c\000i\000o\000n\000\040\000d\000e\000\040\000t\000e\000x\000t\000o}{subsection.2.1}% 17
\BOOKMARK [3][-]{subsubsection.2.1.9}{\376\377\000C\000o\000m\000p\000o\000s\000i\000c\000i\000o\000n\000\040\000d\000e\000\040\000e\000c\000u\000a\000c\000i\000o\000n\000e\000s}{subsection.2.1}% 18
\BOOKMARK [3][-]{subsubsection.2.1.10}{\376\377\000A\000l\000i\000n\000e\000a\000r\000\040\000e\000x\000p\000r\000e\000s\000i\000o\000n\000\040\000c\000o\000n\000\040\000a\000l\000g\000u\000n\000\040\000e\000l\000e\000m\000e\000n\000t\000o}{subsection.2.1}% 19
\BOOKMARK [3][-]{subsubsection.2.1.11}{\376\377\000T\000a\000b\000l\000a\000s}{subsection.2.1}% 20
\BOOKMARK [3][-]{subsubsection.2.1.12}{\376\377\000C\000o\000m\000o\000\040\000i\000n\000s\000e\000r\000t\000a\000r\000\040\000u\000n\000a\000\040\000i\000m\000a\000g\000e\000n}{subsection.2.1}% 21
\BOOKMARK [2][-]{subsection.2.2}{\376\377\000C\000l\000a\000s\000e}{section.2}% 22
\BOOKMARK [1][-]{section.3}{\376\377\0002\0001\000\040\000A\000g\000o\000s\000t\000o\000\040\0002\0000\0002\0003}{}% 23
\BOOKMARK [2][-]{subsection.3.1}{\376\377\000M\000e\000d\000i\000d\000a\000s\000\040\000d\000e\000\040\000p\000o\000s\000i\000c\000i\000\363\000n\000\040\000\050\0001\000.\0006\000.\0004\000\051}{section.3}% 24
\BOOKMARK [3][-]{subsubsection.3.1.1}{\376\377\000C\000u\000a\000n\000t\000i\000l\000e\000s}{subsection.3.1}% 25
\BOOKMARK [3][-]{subsubsection.3.1.2}{\376\377\000D\000e\000s\000v\000i\000a\000c\000i\000o\000n\000\040\000e\000s\000t\000a\000n\000d\000a\000r}{subsection.3.1}% 26
\BOOKMARK [3][-]{subsubsection.3.1.3}{\376\377\000D\000e\000s\000v\000i\000a\000c\000i\000o\000n\000\040\000m\000e\000d\000i\000a}{subsection.3.1}% 27
\BOOKMARK [3][-]{subsubsection.3.1.4}{\376\377\000R\000a\000n\000g\000o}{subsection.3.1}% 28
\BOOKMARK [2][-]{subsection.3.2}{\376\377\000M\000e\000d\000i\000d\000a\000s\000\040\000d\000e\000\040\000f\000o\000r\000m\000a\000\040\000\050\0001\000.\0006\000.\0005\000\051}{section.3}% 29
\BOOKMARK [3][-]{subsubsection.3.2.1}{\376\377\000A\000s\000i\000m\000e\000t\000r\000i\000a}{subsection.3.2}% 30
